<?xml version="1.0" encoding="UTF-8"?>
<testng-results skipped="0" failed="0" total="1" passed="1">
  <reporter-output>
  </reporter-output>
  <suite name="Default suite" duration-ms="112847" started-at="2015-12-29T12:38:48Z" finished-at="2015-12-29T12:40:41Z">
    <groups>
    </groups>
    <test name="Default test" duration-ms="112847" started-at="2015-12-29T12:38:48Z" finished-at="2015-12-29T12:40:41Z">
      <class name="scripts.sfCreateProduct">
        <test-method status="PASS" signature="setUp()[pri:0, instance:scripts.sfCreateProduct@8caa572]" name="setUp" is-config="true" duration-ms="22289" started-at="2015-12-29T18:08:26Z" finished-at="2015-12-29T18:08:48Z">
          <reporter-output>
          </reporter-output>
        </test-method> <!-- setUp -->
        <test-method status="PASS" signature="testset()[pri:0, instance:scripts.sfCreateProduct@8caa572]" name="testset" is-config="true" duration-ms="0" started-at="2015-12-29T18:08:48Z" finished-at="2015-12-29T18:08:48Z">
          <reporter-output>
          </reporter-output>
        </test-method> <!-- testset -->
        <test-method status="PASS" signature="setUp()[pri:0, instance:scripts.sfCreateProduct@8caa572]" name="setUp" is-config="true" duration-ms="11957" started-at="2015-12-29T18:08:48Z" finished-at="2015-12-29T18:09:00Z">
          <reporter-output>
          </reporter-output>
        </test-method> <!-- setUp -->
        <test-method status="PASS" signature="testPageObject()[pri:0, instance:scripts.sfCreateProduct@8caa572]" name="testPageObject" duration-ms="100699" started-at="2015-12-29T18:09:00Z" finished-at="2015-12-29T18:10:41Z">
          <reporter-output>
          </reporter-output>
        </test-method> <!-- testPageObject -->
        <test-method status="PASS" signature="tearDown()[pri:0, instance:scripts.sfCreateProduct@8caa572]" name="tearDown" is-config="true" duration-ms="167" started-at="2015-12-29T18:10:41Z" finished-at="2015-12-29T18:10:41Z">
          <reporter-output>
          </reporter-output>
        </test-method> <!-- tearDown -->
        <test-method status="PASS" signature="tearDown()[pri:0, instance:scripts.sfCreateProduct@8caa572]" name="tearDown" is-config="true" duration-ms="1" started-at="2015-12-29T18:10:41Z" finished-at="2015-12-29T18:10:41Z">
          <reporter-output>
          </reporter-output>
        </test-method> <!-- tearDown -->
      </class> <!-- scripts.sfCreateProduct -->
    </test> <!-- Default test -->
  </suite> <!-- Default suite -->
</testng-results>
